2024-01-29T07:49:48+00:00 CRITICAL Uncaught TypeError: call_user_func_array(): Argument #1 ($callback) must be a valid callback, function "wpdocs_theme_name_scripts" not found or invalid function name in C:\xampp\htdocs\wordpress\wp-includes\class-wp-hook.php:324
Stack trace:
#0 C:\xampp\htdocs\wordpress\wp-includes\class-wp-hook.php(348): WP_Hook->apply_filters(NULL, Array)
#1 C:\xampp\htdocs\wordpress\wp-includes\plugin.php(517): WP_Hook->do_action(Array)
#2 C:\xampp\htdocs\wordpress\wp-includes\script-loader.php(2262): do_action('wp_enqueue_scri...')
#3 C:\xampp\htdocs\wordpress\wp-includes\class-wp-hook.php(324): wp_enqueue_scripts('')
#4 C:\xampp\htdocs\wordpress\wp-includes\class-wp-hook.php(348): WP_Hook->apply_filters(NULL, Array)
#5 C:\xampp\htdocs\wordpress\wp-includes\plugin.php(517): WP_Hook->do_action(Array)
#6 C:\xampp\htdocs\wordpress\wp-includes\general-template.php(3052): do_action('wp_head')
#7 C:\xampp\htdocs\wordpress\wp-content\themes\binh-theme\header.php(14): wp_head()
#8 C:\xampp\htdocs\wordpress\wp-includes\template.php(790): require_once('C:\\xampp\\htdocs...')
#9 C:\xampp\htdocs\wordpress\wp-includes\template.php(725): load_template('C:\\xampp\\htdocs...', true, Array)
#10 C:\xampp\htdocs\wordpress\wp-includes\general-template.php(48): locate_template(Array, true, true, Array)
#11 C:\xampp\htdocs\wordpress\wp-content\themes\binh-theme\index.php(7): get_header()
#12 C:\xampp\htdocs\wordpress\wp-includes\template-loader.php(106): include('C:\\xampp\\htdocs...')
#13 C:\xampp\htdocs\wordpress\wp-blog-header.php(19): require_once('C:\\xampp\\htdocs...')
#14 C:\xampp\htdocs\wordpress\index.php(17): require('C:\\xampp\\htdocs...')
#15 {main}
  thrown in C:\xampp\htdocs\wordpress\wp-includes\class-wp-hook.php on line 324

2024-01-29T07:51:48+00:00 CRITICAL Uncaught TypeError: call_user_func_array(): Argument #1 ($callback) must be a valid callback, function "wpdocs_theme_name_scripts" not found or invalid function name in C:\xampp\htdocs\wordpress\wp-includes\class-wp-hook.php:324
Stack trace:
#0 C:\xampp\htdocs\wordpress\wp-includes\class-wp-hook.php(348): WP_Hook->apply_filters(NULL, Array)
#1 C:\xampp\htdocs\wordpress\wp-includes\plugin.php(517): WP_Hook->do_action(Array)
#2 C:\xampp\htdocs\wordpress\wp-includes\script-loader.php(2262): do_action('wp_enqueue_scri...')
#3 C:\xampp\htdocs\wordpress\wp-includes\class-wp-hook.php(324): wp_enqueue_scripts('')
#4 C:\xampp\htdocs\wordpress\wp-includes\class-wp-hook.php(348): WP_Hook->apply_filters(NULL, Array)
#5 C:\xampp\htdocs\wordpress\wp-includes\plugin.php(517): WP_Hook->do_action(Array)
#6 C:\xampp\htdocs\wordpress\wp-includes\general-template.php(3052): do_action('wp_head')
#7 C:\xampp\htdocs\wordpress\wp-content\themes\binh-theme\header.php(14): wp_head()
#8 C:\xampp\htdocs\wordpress\wp-includes\template.php(790): require_once('C:\\xampp\\htdocs...')
#9 C:\xampp\htdocs\wordpress\wp-includes\template.php(725): load_template('C:\\xampp\\htdocs...', true, Array)
#10 C:\xampp\htdocs\wordpress\wp-includes\general-template.php(48): locate_template(Array, true, true, Array)
#11 C:\xampp\htdocs\wordpress\wp-content\themes\binh-theme\index.php(7): get_header()
#12 C:\xampp\htdocs\wordpress\wp-includes\template-loader.php(106): include('C:\\xampp\\htdocs...')
#13 C:\xampp\htdocs\wordpress\wp-blog-header.php(19): require_once('C:\\xampp\\htdocs...')
#14 C:\xampp\htdocs\wordpress\index.php(17): require('C:\\xampp\\htdocs...')
#15 {main}
  thrown in C:\xampp\htdocs\wordpress\wp-includes\class-wp-hook.php on line 324

