2024-02-02T06:46:33+00:00 CRITICAL Uncaught Error: Class "BINH_THEME\Inc\Heroes" not found in C:\xampp\htdocs\wordpress\wp-content\themes\binh-theme\inc\classes\class-binh-theme.php:23
Stack trace:
#0 C:\xampp\htdocs\wordpress\wp-content\themes\binh-theme\inc\traits\trait-singleton.php(76): BINH_THEME\Inc\BINH_THEME->__construct()
#1 C:\xampp\htdocs\wordpress\wp-content\themes\binh-theme\functions.php(24): BINH_THEME\Inc\BINH_THEME::get_instance()
#2 C:\xampp\htdocs\wordpress\wp-content\themes\binh-theme\functions.php(26): binh_get_theme_instance()
#3 C:\xampp\htdocs\wordpress\wp-settings.php(611): include('C:\\xampp\\htdocs...')
#4 C:\xampp\htdocs\wordpress\wp-config.php(96): require_once('C:\\xampp\\htdocs...')
#5 C:\xampp\htdocs\wordpress\wp-load.php(50): require_once('C:\\xampp\\htdocs...')
#6 C:\xampp\htdocs\wordpress\wp-admin\admin-ajax.php(22): require_once('C:\\xampp\\htdocs...')
#7 {main}
  thrown in C:\xampp\htdocs\wordpress\wp-content\themes\binh-theme\inc\classes\class-binh-theme.php on line 23

2024-02-02T06:48:34+00:00 CRITICAL Uncaught Error: Class "BINH_THEME\Inc\Heroes" not found in C:\xampp\htdocs\wordpress\wp-content\themes\binh-theme\inc\classes\class-binh-theme.php:23
Stack trace:
#0 C:\xampp\htdocs\wordpress\wp-content\themes\binh-theme\inc\traits\trait-singleton.php(76): BINH_THEME\Inc\BINH_THEME->__construct()
#1 C:\xampp\htdocs\wordpress\wp-content\themes\binh-theme\functions.php(24): BINH_THEME\Inc\BINH_THEME::get_instance()
#2 C:\xampp\htdocs\wordpress\wp-content\themes\binh-theme\functions.php(26): binh_get_theme_instance()
#3 C:\xampp\htdocs\wordpress\wp-settings.php(611): include('C:\\xampp\\htdocs...')
#4 C:\xampp\htdocs\wordpress\wp-config.php(96): require_once('C:\\xampp\\htdocs...')
#5 C:\xampp\htdocs\wordpress\wp-load.php(50): require_once('C:\\xampp\\htdocs...')
#6 C:\xampp\htdocs\wordpress\wp-admin\admin-ajax.php(22): require_once('C:\\xampp\\htdocs...')
#7 {main}
  thrown in C:\xampp\htdocs\wordpress\wp-content\themes\binh-theme\inc\classes\class-binh-theme.php on line 23

2024-02-02T06:50:35+00:00 CRITICAL Uncaught Error: Class "BINH_THEME\Inc\Heroes" not found in C:\xampp\htdocs\wordpress\wp-content\themes\binh-theme\inc\classes\class-binh-theme.php:23
Stack trace:
#0 C:\xampp\htdocs\wordpress\wp-content\themes\binh-theme\inc\traits\trait-singleton.php(76): BINH_THEME\Inc\BINH_THEME->__construct()
#1 C:\xampp\htdocs\wordpress\wp-content\themes\binh-theme\functions.php(24): BINH_THEME\Inc\BINH_THEME::get_instance()
#2 C:\xampp\htdocs\wordpress\wp-content\themes\binh-theme\functions.php(26): binh_get_theme_instance()
#3 C:\xampp\htdocs\wordpress\wp-settings.php(611): include('C:\\xampp\\htdocs...')
#4 C:\xampp\htdocs\wordpress\wp-config.php(96): require_once('C:\\xampp\\htdocs...')
#5 C:\xampp\htdocs\wordpress\wp-load.php(50): require_once('C:\\xampp\\htdocs...')
#6 C:\xampp\htdocs\wordpress\wp-admin\admin-ajax.php(22): require_once('C:\\xampp\\htdocs...')
#7 {main}
  thrown in C:\xampp\htdocs\wordpress\wp-content\themes\binh-theme\inc\classes\class-binh-theme.php on line 23

2024-02-02T06:52:36+00:00 CRITICAL Uncaught Error: Class "BINH_THEME\Inc\Heroes" not found in C:\xampp\htdocs\wordpress\wp-content\themes\binh-theme\inc\classes\class-binh-theme.php:23
Stack trace:
#0 C:\xampp\htdocs\wordpress\wp-content\themes\binh-theme\inc\traits\trait-singleton.php(41): BINH_THEME\Inc\BINH_THEME->__construct()
#1 C:\xampp\htdocs\wordpress\wp-content\themes\binh-theme\functions.php(24): BINH_THEME\Inc\BINH_THEME::get_instance()
#2 C:\xampp\htdocs\wordpress\wp-content\themes\binh-theme\functions.php(26): binh_get_theme_instance()
#3 C:\xampp\htdocs\wordpress\wp-settings.php(611): include('C:\\xampp\\htdocs...')
#4 C:\xampp\htdocs\wordpress\wp-config.php(96): require_once('C:\\xampp\\htdocs...')
#5 C:\xampp\htdocs\wordpress\wp-load.php(50): require_once('C:\\xampp\\htdocs...')
#6 C:\xampp\htdocs\wordpress\wp-admin\admin-ajax.php(22): require_once('C:\\xampp\\htdocs...')
#7 {main}
  thrown in C:\xampp\htdocs\wordpress\wp-content\themes\binh-theme\inc\classes\class-binh-theme.php on line 23

