2024-01-30T02:52:53+00:00 CRITICAL Uncaught Error: Class "BINH\Inc\BINH" not found in C:\xampp\htdocs\wordpress\wp-content\themes\binh-theme\functions.php:17
Stack trace:
#0 C:\xampp\htdocs\wordpress\wp-content\themes\binh-theme\functions.php(19): binh_get_theme_instance()
#1 C:\xampp\htdocs\wordpress\wp-settings.php(611): include('C:\\xampp\\htdocs...')
#2 C:\xampp\htdocs\wordpress\wp-config.php(96): require_once('C:\\xampp\\htdocs...')
#3 C:\xampp\htdocs\wordpress\wp-load.php(50): require_once('C:\\xampp\\htdocs...')
#4 C:\xampp\htdocs\wordpress\wp-admin\admin.php(34): require_once('C:\\xampp\\htdocs...')
#5 C:\xampp\htdocs\wordpress\wp-admin\themes.php(10): require_once('C:\\xampp\\htdocs...')
#6 {main}
  thrown in C:\xampp\htdocs\wordpress\wp-content\themes\binh-theme\functions.php on line 17

2024-01-30T02:52:53+00:00 CRITICAL Uncaught Error: Class "BINH\Inc\BINH" not found in C:\xampp\htdocs\wordpress\wp-content\themes\binh-theme\functions.php:17
Stack trace:
#0 C:\xampp\htdocs\wordpress\wp-content\themes\binh-theme\functions.php(19): binh_get_theme_instance()
#1 C:\xampp\htdocs\wordpress\wp-settings.php(611): include('C:\\xampp\\htdocs...')
#2 C:\xampp\htdocs\wordpress\wp-config.php(96): require_once('C:\\xampp\\htdocs...')
#3 C:\xampp\htdocs\wordpress\wp-load.php(50): require_once('C:\\xampp\\htdocs...')
#4 C:\xampp\htdocs\wordpress\wp-blog-header.php(13): require_once('C:\\xampp\\htdocs...')
#5 C:\xampp\htdocs\wordpress\index.php(17): require('C:\\xampp\\htdocs...')
#6 {main}
  thrown in C:\xampp\htdocs\wordpress\wp-content\themes\binh-theme\functions.php on line 17

2024-01-30T02:53:43+00:00 CRITICAL Uncaught Error: Class "BINH\Inc\BINH" not found in C:\xampp\htdocs\wordpress\wp-content\themes\binh-theme\functions.php:17
Stack trace:
#0 C:\xampp\htdocs\wordpress\wp-content\themes\binh-theme\functions.php(19): binh_get_theme_instance()
#1 C:\xampp\htdocs\wordpress\wp-settings.php(611): include('C:\\xampp\\htdocs...')
#2 C:\xampp\htdocs\wordpress\wp-config.php(96): require_once('C:\\xampp\\htdocs...')
#3 C:\xampp\htdocs\wordpress\wp-load.php(50): require_once('C:\\xampp\\htdocs...')
#4 C:\xampp\htdocs\wordpress\wp-blog-header.php(13): require_once('C:\\xampp\\htdocs...')
#5 C:\xampp\htdocs\wordpress\index.php(17): require('C:\\xampp\\htdocs...')
#6 {main}
  thrown in C:\xampp\htdocs\wordpress\wp-content\themes\binh-theme\functions.php on line 17

2024-01-30T03:01:53+00:00 CRITICAL Uncaught Error: Class "BINH\Inc\BINH_THEME" not found in C:\xampp\htdocs\wordpress\wp-content\themes\binh-theme\functions.php:17
Stack trace:
#0 C:\xampp\htdocs\wordpress\wp-content\themes\binh-theme\functions.php(19): binh_get_theme_instance()
#1 C:\xampp\htdocs\wordpress\wp-settings.php(611): include('C:\\xampp\\htdocs...')
#2 C:\xampp\htdocs\wordpress\wp-config.php(96): require_once('C:\\xampp\\htdocs...')
#3 C:\xampp\htdocs\wordpress\wp-load.php(50): require_once('C:\\xampp\\htdocs...')
#4 C:\xampp\htdocs\wordpress\wp-blog-header.php(13): require_once('C:\\xampp\\htdocs...')
#5 C:\xampp\htdocs\wordpress\index.php(17): require('C:\\xampp\\htdocs...')
#6 {main}
  thrown in C:\xampp\htdocs\wordpress\wp-content\themes\binh-theme\functions.php on line 17

2024-01-30T03:02:26+00:00 CRITICAL Uncaught Error: Class "BINH\Inc\BINH" not found in C:\xampp\htdocs\wordpress\wp-content\themes\binh-theme\functions.php:17
Stack trace:
#0 C:\xampp\htdocs\wordpress\wp-content\themes\binh-theme\functions.php(19): binh_get_theme_instance()
#1 C:\xampp\htdocs\wordpress\wp-settings.php(611): include('C:\\xampp\\htdocs...')
#2 C:\xampp\htdocs\wordpress\wp-config.php(96): require_once('C:\\xampp\\htdocs...')
#3 C:\xampp\htdocs\wordpress\wp-load.php(50): require_once('C:\\xampp\\htdocs...')
#4 C:\xampp\htdocs\wordpress\wp-blog-header.php(13): require_once('C:\\xampp\\htdocs...')
#5 C:\xampp\htdocs\wordpress\index.php(17): require('C:\\xampp\\htdocs...')
#6 {main}
  thrown in C:\xampp\htdocs\wordpress\wp-content\themes\binh-theme\functions.php on line 17

2024-01-30T03:31:11+00:00 CRITICAL Uncaught Error: Class "BINH_THEME\Inc\BINH_THEME" not found in C:\xampp\htdocs\wordpress\wp-content\themes\binh-theme\functions.php:18
Stack trace:
#0 C:\xampp\htdocs\wordpress\wp-content\themes\binh-theme\functions.php(20): binh_get_theme_instance()
#1 C:\xampp\htdocs\wordpress\wp-settings.php(611): include('C:\\xampp\\htdocs...')
#2 C:\xampp\htdocs\wordpress\wp-config.php(96): require_once('C:\\xampp\\htdocs...')
#3 C:\xampp\htdocs\wordpress\wp-load.php(50): require_once('C:\\xampp\\htdocs...')
#4 C:\xampp\htdocs\wordpress\wp-blog-header.php(13): require_once('C:\\xampp\\htdocs...')
#5 C:\xampp\htdocs\wordpress\index.php(17): require('C:\\xampp\\htdocs...')
#6 {main}
  thrown in C:\xampp\htdocs\wordpress\wp-content\themes\binh-theme\functions.php on line 18

2024-01-30T03:31:54+00:00 CRITICAL Uncaught Error: Class "BINH_THEME\Inc\BINH_THEME" not found in C:\xampp\htdocs\wordpress\wp-content\themes\binh-theme\functions.php:18
Stack trace:
#0 C:\xampp\htdocs\wordpress\wp-content\themes\binh-theme\functions.php(20): binh_get_theme_instance()
#1 C:\xampp\htdocs\wordpress\wp-settings.php(611): include('C:\\xampp\\htdocs...')
#2 C:\xampp\htdocs\wordpress\wp-config.php(96): require_once('C:\\xampp\\htdocs...')
#3 C:\xampp\htdocs\wordpress\wp-load.php(50): require_once('C:\\xampp\\htdocs...')
#4 C:\xampp\htdocs\wordpress\wp-admin\admin-ajax.php(22): require_once('C:\\xampp\\htdocs...')
#5 {main}
  thrown in C:\xampp\htdocs\wordpress\wp-content\themes\binh-theme\functions.php on line 18

2024-01-30T03:33:25+00:00 CRITICAL Uncaught Error: Class "BINH_THEME\Inc\BINH_THEME" not found in C:\xampp\htdocs\wordpress\wp-content\themes\binh-theme\functions.php:18
Stack trace:
#0 C:\xampp\htdocs\wordpress\wp-content\themes\binh-theme\functions.php(20): binh_get_theme_instance()
#1 C:\xampp\htdocs\wordpress\wp-settings.php(611): include('C:\\xampp\\htdocs...')
#2 C:\xampp\htdocs\wordpress\wp-config.php(96): require_once('C:\\xampp\\htdocs...')
#3 C:\xampp\htdocs\wordpress\wp-load.php(50): require_once('C:\\xampp\\htdocs...')
#4 C:\xampp\htdocs\wordpress\wp-blog-header.php(13): require_once('C:\\xampp\\htdocs...')
#5 C:\xampp\htdocs\wordpress\index.php(17): require('C:\\xampp\\htdocs...')
#6 {main}
  thrown in C:\xampp\htdocs\wordpress\wp-content\themes\binh-theme\functions.php on line 18

2024-01-30T03:34:16+00:00 CRITICAL Uncaught Error: Class "BINH_THEME\Inc\BINH_THEME" not found in C:\xampp\htdocs\wordpress\wp-content\themes\binh-theme\functions.php:18
Stack trace:
#0 C:\xampp\htdocs\wordpress\wp-content\themes\binh-theme\functions.php(20): binh_get_theme_instance()
#1 C:\xampp\htdocs\wordpress\wp-settings.php(611): include('C:\\xampp\\htdocs...')
#2 C:\xampp\htdocs\wordpress\wp-config.php(96): require_once('C:\\xampp\\htdocs...')
#3 C:\xampp\htdocs\wordpress\wp-load.php(50): require_once('C:\\xampp\\htdocs...')
#4 C:\xampp\htdocs\wordpress\wp-blog-header.php(13): require_once('C:\\xampp\\htdocs...')
#5 C:\xampp\htdocs\wordpress\index.php(17): require('C:\\xampp\\htdocs...')
#6 {main}
  thrown in C:\xampp\htdocs\wordpress\wp-content\themes\binh-theme\functions.php on line 18

2024-01-30T08:26:08+00:00 CRITICAL Uncaught TypeError: KadenceWP\KadenceBlocks\StellarWP\Uplink\Admin\Update_Prevention::filter_upgrader_source_selection(): Argument #1 ($source) must be of type string, WP_Error given, called in C:\xampp\htdocs\wordpress\wp-content\plugins\kadence-blocks\vendor\vendor-prefixed\stellarwp\uplink\src\Uplink\Admin\Provider.php on line 202 and defined in C:\xampp\htdocs\wordpress\wp-content\plugins\kadence-blocks\vendor\vendor-prefixed\stellarwp\uplink\src\Uplink\Admin\Update_Prevention.php:66
Stack trace:
#0 C:\xampp\htdocs\wordpress\wp-content\plugins\kadence-blocks\vendor\vendor-prefixed\stellarwp\uplink\src\Uplink\Admin\Provider.php(202): KadenceWP\KadenceBlocks\StellarWP\Uplink\Admin\Update_Prevention->filter_upgrader_source_selection(Object(WP_Error), 'C:/xampp/htdocs...', Object(Theme_Upgrader), Array)
#1 C:\xampp\htdocs\wordpress\wp-includes\class-wp-hook.php(324): KadenceWP\KadenceBlocks\StellarWP\Uplink\Admin\Provider->filter_upgrader_source_selection_for_update_prevention(Object(WP_Error), 'C:/xampp/htdocs...', Object(Theme_Upgrader), Array)
#2 C:\xampp\htdocs\wordpress\wp-includes\plugin.php(205): WP_Hook->apply_filters(Object(WP_Error), Array)
#3 C:\xampp\htdocs\wordpress\wp-admin\includes\class-wp-upgrader.php(585): apply_filters('upgrader_source...', 'C:/xampp/htdocs...', 'C:/xampp/htdocs...', Object(Theme_Upgrader), Array)
#4 C:\xampp\htdocs\wordpress\wp-admin\includes\class-wp-upgrader.php(883): WP_Upgrader->install_package(Array)
#5 C:\xampp\htdocs\wordpress\wp-admin\includes\class-theme-upgrader.php(250): WP_Upgrader->run(Array)
#6 C:\xampp\htdocs\wordpress\wp-admin\update.php(324): Theme_Upgrader->install('C:\\xampp\\htdocs...', Array)
#7 {main}
  thrown in C:\xampp\htdocs\wordpress\wp-content\plugins\kadence-blocks\vendor\vendor-prefixed\stellarwp\uplink\src\Uplink\Admin\Update_Prevention.php on line 66

